<?xml version="1.0" encoding="UTF-8"?>
<!-- Generated by org.testng.reporters.JUnitXMLReporter -->
<testsuite ignored="0" hostname="LAPTOP-A95BR07E" failures="0" tests="9" name="Surefire test" time="0.068" errors="0" timestamp="2023-07-04T23:08:03 IST">
  <testcase classname="testBase.BaseClass" name="@BeforeClass setup" time="-1.688492283118E9">
    <failure type="org.testng.TestNGException" message="
Parameter &amp;apos;browser&amp;apos; is required by BeforeClass on method setup but has not been marked @Optional or defined
">
      <![CDATA[org.testng.TestNGException: 
Parameter 'browser' is required by BeforeClass on method setup but has not been marked @Optional or defined

at java.base/java.util.ArrayList.forEach(ArrayList.java:1511)
... Removed 27 stack frames]]>
    </failure>
  </testcase> <!-- @BeforeClass setup -->
  <testcase classname="testBase.BaseClass" name="@AfterClass teadDown" time="-1.688492283165E9">
    <skipped/>
  </testcase> <!-- @AfterClass teadDown -->
  <testcase classname="testCase.Login" name="clickMyAccount" time="0.0">
    <skipped/>
  </testcase> <!-- clickMyAccount -->
  <testcase classname="testCase.Login" name="ClickOnTheLoginLink" time="0.0">
    <skipped/>
  </testcase> <!-- ClickOnTheLoginLink -->
  <testcase classname="testCase.Login" name="EnterTheEmailID" time="0.0">
    <skipped/>
  </testcase> <!-- EnterTheEmailID -->
  <testcase classname="testCase.Login" name="EmailIsDisplayed" time="0.0">
    <skipped/>
  </testcase> <!-- EmailIsDisplayed -->
  <testcase classname="testCase.Login" name="EmailIsEnabled" time="0.0">
    <skipped/>
  </testcase> <!-- EmailIsEnabled -->
  <testcase classname="testCase.Login" name="EmailIsSelected" time="0.0">
    <skipped/>
  </testcase> <!-- EmailIsSelected -->
  <testcase classname="testCase.Login" name="EnterThePassword" time="0.0">
    <skipped/>
  </testcase> <!-- EnterThePassword -->
  <testcase classname="testCase.Login" name="ClickOnLoginButton" time="0.0">
    <skipped/>
  </testcase> <!-- ClickOnLoginButton -->
  <testcase classname="testCase.Login" name="verifyMyAccount" time="0.0">
    <skipped/>
  </testcase> <!-- verifyMyAccount -->
</testsuite> <!-- Surefire test -->
